Current configuration:
[NAME]		[DEFLT]		[VALUE]
-accumdir			/Users/thinhnguyen/Desktop/Master/SpeechProcessing/TrainingData/tuvung/bwaccumdir/tuvung_buff_1
-agc		none		none
-agcthresh	2.0		2.000000e+00
-cepdir				/Users/thinhnguyen/Desktop/Master/SpeechProcessing/TrainingData/tuvung/feat
-cepext		mfc		mfc
-ceplen		13		13
-cmn		live		batch
-cmninit	40,3,-1		40,3,-1
-ctlfn				/Users/thinhnguyen/Desktop/Master/SpeechProcessing/TrainingData/tuvung/etc/tuvung_train.fileids
-dictfn				
-example	no		no
-fdictfn			
-feat		1s_c_d_dd	1s_c_d_dd
-fullvar	no		no
-help		no		no
-lda				
-ldadim		0		0
-lsnfn				
-meanfn				/Users/thinhnguyen/Desktop/Master/SpeechProcessing/TrainingData/tuvung/model_parameters/tuvung.ci_cont_flatinitial/globalmean
-moddeffn			
-npart				1
-nskip				0
-part				1
-runlen				0
-scaleseg	no		no
-segdir				
-segext		v8_seg		v8_seg
-svspec				
-ts2cbfn			
-varnorm	no		no

INFO: feat.c(715): Initializing feature stream to type: '1s_c_d_dd', ceplen=13, CMN='batch', VARNORM='no', AGC='none'
INFO: corpus.c(1062): Will process all remaining utts starting at 0
INFO: init_gau.c(145): Computing 1x1x1 variance estimates
INFO: s3gau_io.c(169): Read /Users/thinhnguyen/Desktop/Master/SpeechProcessing/TrainingData/tuvung/model_parameters/tuvung.ci_cont_flatinitial/globalmean [1x1x1 array]
INFO: cmn.c(133): CMN: 58.35  5.92  2.52  2.27 -16.38 -3.33  1.17 13.47 -6.68  6.23 -0.90  1.10  1.98 
INFO: cmn.c(133): CMN: 47.32 12.06 -6.36 -8.08 -14.30 -4.99 10.10 10.78 -3.30  8.07 -16.96  4.20  8.81 
INFO: cmn.c(133): CMN: 43.39 15.42 -8.84 -0.65 -3.46 -2.08  5.48  4.99  0.00  3.77 -0.77  1.67  0.82 
INFO: cmn.c(133): CMN: 47.94 13.49 -5.37 -4.83 -12.00 -2.45  3.92 13.47 -6.38  4.57 -8.09  1.47  8.91 
INFO: cmn.c(133): CMN: 42.97 14.64 -10.26 -6.82 -11.38 -0.88  3.43  7.47 -2.03  5.19 -4.63  2.61  6.85 
INFO: cmn.c(133): CMN: 58.74  8.08 11.72  1.08 -17.24  1.28 -14.94  9.73 -6.25 -1.85  2.21  1.56  2.73 
INFO: cmn.c(133): CMN: 44.52 17.48 -1.19  4.07 -3.39 -5.25 -8.20  1.62  2.90  1.87  3.75  0.69 -4.27 
INFO: cmn.c(133): CMN: 43.08 14.31 -6.25 -1.39 -8.70 -5.84 -10.69  0.05  1.22  3.71  4.36  3.12 -4.77 
INFO: cmn.c(133): CMN: 46.60 14.41 -11.15  0.89 -7.45 -4.26  0.28  3.88 -1.36  0.44  5.61  1.98 -1.96 
INFO: cmn.c(133): CMN: 43.09 12.11 -11.92 -1.90 -1.93  2.69  0.48 -1.63  1.06  4.71 -5.44 -1.52  2.60 
INFO: cmn.c(133): CMN: 51.68 17.10  7.21  2.97 -9.66 -1.06 -4.96  3.13 -4.85 -5.15 -0.33 -0.33  2.58 
INFO: cmn.c(133): CMN: 43.64 20.74 -0.38  2.79 -1.10 10.27 -0.33 -2.08 -9.36 -4.10 -2.46  0.26  0.55 
INFO: cmn.c(133): CMN: 44.49 23.67  0.81 -0.42 -8.43  3.08  2.03 -1.22 -8.31 -8.63 -6.76 -1.43 -1.26 
INFO: cmn.c(133): CMN: 43.64 16.42 -5.27  3.10 -7.40  3.46 -3.04 -0.19  0.65  1.85  3.17  0.57 -2.11 
INFO: cmn.c(133): CMN: 45.05 20.64 -4.09 -0.94 -12.24 -0.18 -0.42 -0.72 -8.26 -0.16  2.62  5.79  0.85 
INFO: cmn.c(133): CMN: 52.00  4.46 21.13 10.60 -8.28  1.90 -11.08  5.72 -2.36 -3.30 -2.79  0.23 -2.58 
INFO: cmn.c(133): CMN: 44.92  2.32  8.20  9.06 -2.73  8.71  2.04  3.44  3.97  2.94  0.93  1.21 -1.08 
INFO: cmn.c(133): CMN: 46.18  2.18  8.89 11.47 -3.24  8.65  1.01  8.47 -2.69  3.12 -2.06  0.37 -2.87 
INFO: cmn.c(133): CMN: 41.17  5.91  5.45  7.79 -7.32  2.81 -1.43  1.61  0.47  0.86  2.13  0.38 -1.67 
INFO: cmn.c(133): CMN: 44.75  9.10  5.24  6.15 -7.49  2.12 -7.84  3.05  0.38  1.39  3.21  1.73 -0.07 
INFO: cmn.c(133): CMN: 48.84  4.19 14.17  6.29 -7.55  0.34 -10.07  2.26 -2.37  0.99  1.17  0.84  2.42 
INFO: cmn.c(133): CMN: 41.41 -0.60  7.79  3.49  0.97  9.63 -0.99 10.85  1.65  7.40  4.25 -0.22  2.40 
INFO: cmn.c(133): CMN: 39.59  7.05  9.93  8.32 -2.06 10.71 -6.06  5.44 -3.09 -2.69 -1.06 -2.82  3.98 
INFO: cmn.c(133): CMN: 42.16  7.24 -3.66  6.69  1.77  4.58  2.14  1.30  4.99  0.09  3.41  0.21 -1.79 
INFO: cmn.c(133): CMN: 39.88 10.49  2.96  5.81  3.60  4.29  2.58  2.87  3.72  1.63  1.76  1.54  1.61 
INFO: cmn.c(133): CMN: 39.89  9.71 -1.86  2.39 -0.94  2.50 -1.66  1.78  3.29  0.76  2.25 -2.86  1.21 
INFO: cmn.c(133): CMN: 38.64  6.25 -8.69  3.02 -1.10  3.07 -0.11  1.88  2.86  4.40  2.32  1.13 -1.94 
INFO: cmn.c(133): CMN: 41.19 11.48 -4.11  9.21 -1.58  2.66 -1.17  0.74 -2.08  1.30  2.70  2.50  0.84 
INFO: cmn.c(133): CMN: 59.24  9.67 -5.99 -3.54 -12.43 -5.13 -10.29  8.67  2.29  3.13  0.24  5.83  1.49 
INFO: cmn.c(133): CMN: 41.18 12.24 -12.83 -6.20 -6.70 -0.82  1.23  0.05 -0.95  7.99 -4.42 -2.62  2.76 
INFO: cmn.c(133): CMN: 43.25 19.18 -10.58 -4.68 -1.53  3.76 -1.13 -0.36  1.96  3.43 -1.00 -1.79  0.11 
INFO: cmn.c(133): CMN: 40.29 13.21 -12.86 -3.72 -6.05 -0.71 -0.49  3.62  5.81  3.00  1.75  0.20 -3.59 
INFO: cmn.c(133): CMN: 42.80 12.20 -12.78 -2.08 -3.89  1.99 -1.49 -0.44  2.93  3.54 -2.59 -2.11  0.39 
INFO: cmn.c(133): CMN: 49.22 13.01  2.79  1.87 -8.35 -1.86 -9.14 -2.58  1.70  0.60  0.73 -0.84  0.56 
INFO: cmn.c(133): CMN: 44.72 19.41 -3.85 -0.31 -13.49 -7.79 -10.74 -4.83  3.69 10.40  9.13  7.94 -0.29 
INFO: cmn.c(133): CMN: 41.76 18.40  0.42  4.01 -3.86  4.97 -0.33 -0.30 -0.99 -2.21 -0.48  0.48  0.73 
INFO: cmn.c(133): CMN: 39.42 13.24 -5.46  1.38 -4.71 -0.03 -5.65 -1.51  2.25  1.06  4.53  1.33 -2.52 
INFO: cmn.c(133): CMN: 43.67 18.29 -1.68  5.33 -3.73  3.54 -0.64 -2.69 -3.57 -4.20 -2.06 -0.85 -0.69 
INFO: cmn.c(133): CMN: 49.32 11.41 -4.61  1.48 -12.20 -8.64 -11.52  4.39  1.59  4.15 -0.85  1.23 -1.55 
INFO: cmn.c(133): CMN: 44.94 17.65 -16.25 -7.79 -9.10 -4.74 -7.31  6.53 10.82  2.42  0.35 -1.08  0.65 
INFO: cmn.c(133): CMN: 45.04 18.48 -11.21 -6.84 -8.75 -2.20 -3.40  0.97  1.15  1.99  6.41 -1.28 -0.53 
INFO: cmn.c(133): CMN: 39.81 13.50 -9.80 -1.91 -6.14  0.96 -2.66  0.99  0.58 -0.51 -2.08 -1.41 -0.63 
INFO: cmn.c(133): CMN: 39.48 10.56 -9.52 -1.80 -7.87 -2.39 -5.78  0.67  0.76  2.55  0.48 -0.32  1.02 
INFO: cmn.c(133): CMN: 58.66  2.76 12.58  2.99 -30.59  2.17 -8.24 12.67 -7.07  7.95 -1.52  5.90 -0.35 
INFO: cmn.c(133): CMN: 61.11  0.42  7.11  2.62 -19.71 -5.55  2.77  7.67 -2.18  8.95 -7.09  6.53 -1.97 
INFO: cmn.c(133): CMN: 40.59  2.04  0.23 -0.25 -14.42 -2.43  5.19 -0.07  4.90  7.68 -2.35  2.68 -6.19 
INFO: cmn.c(133): CMN: 47.20  5.75  1.71 -5.45 -15.82 -6.51  3.10 10.22  5.68 11.00 -3.20  5.76 -10.07 
INFO: cmn.c(133): CMN: 45.52  4.23  2.57 -2.65 -17.47 -2.32  2.51 11.52  8.85  9.62 -1.51  7.73 -5.78 
INFO: cmn.c(133): CMN: 38.42  1.98  2.49 -1.83 -9.57 -1.37  0.45  4.34  1.43  4.20 -4.51  3.03 -7.00 
INFO: cmn.c(133): CMN: 50.60  8.46  6.72 -4.75 -16.77 -3.31 -5.89  5.43 -4.60  2.37 -2.58  0.55 -2.53 
INFO: cmn.c(133): CMN: 41.73  6.52  3.39  0.98 -5.48  1.25 -1.36  6.55  1.81  2.48  1.02  2.39 -5.68 
INFO: cmn.c(133): CMN: 47.97  9.80  4.44 -4.73 -11.35 -2.86 -4.28 13.59 -3.37  3.82  1.73  4.23 -9.52 
INFO: cmn.c(133): CMN: 45.73  6.25  7.88 -6.91 -12.49 -8.91 -6.05 10.39 -6.96 12.82  3.00 -0.25 -6.67 
INFO: cmn.c(133): CMN: 44.03  7.72 -3.24 -9.32 -7.80 -3.04 -1.28  5.42 -2.96 10.79  0.75  0.90 -1.33 
INFO: cmn.c(133): CMN: 57.53 15.10 -8.39 -4.22 -7.28 -3.69 -23.82  3.97  1.28 13.32 -1.72  5.58  3.96 
INFO: cmn.c(133): CMN: 43.10 14.53 -4.09  2.50 -0.68 -4.36 -6.80  2.94 -3.27 -4.87  3.19  4.20 -4.24 
INFO: cmn.c(133): CMN: 40.40 12.03 -3.00  1.54 -0.10  0.12 -0.63  8.01  1.04  2.82 -1.29  1.33 -2.42 
INFO: cmn.c(133): CMN: 40.83 11.44  0.37  2.60 -0.46 -0.63  0.34  8.00 -0.75 -1.98 -2.09  2.31 -5.91 
INFO: cmn.c(133): CMN: 38.80  9.21 -7.82 -7.35 -4.30  2.85  1.11 -0.66  0.14  4.83 -0.13  0.93  0.39 
INFO: cmn.c(133): CMN: 59.07 11.65  8.36 -2.13 -27.37  8.22 -11.04 18.63 -7.44 12.78 -0.22 -0.51 -1.38 
INFO: cmn.c(133): CMN: 51.97 -1.79  9.16 -0.94 -11.77  8.45  1.77 11.29  0.48 -2.45 -0.44 -5.12 -7.40 
INFO: cmn.c(133): CMN: 51.66  6.32  5.88 -6.50 -8.86 11.83 -0.43  6.50  3.04 -1.44  1.24 -3.83 -13.96 
INFO: cmn.c(133): CMN: 42.47 -2.19 -1.54 -0.57 -7.40  3.24 -4.71 11.61 -0.12 -3.68  3.83 -0.94 -7.13 
INFO: cmn.c(133): CMN: 58.12  8.48 -0.27 -3.47 -12.93 13.27 -1.92  7.84 -1.75 -1.23  3.93 -4.42 -13.06 
INFO: cmn.c(133): CMN: 56.80 14.26  4.28 -7.68 -18.50  6.12 -7.44 13.40 -7.94 15.19  2.29  3.71 -0.50 
INFO: cmn.c(133): CMN: 52.46 13.15  7.02 -10.32 -18.75 23.94 -4.92 18.44 -12.62  4.47  1.81 -1.76 -9.56 
INFO: cmn.c(133): CMN: 46.72 11.83  2.32 -5.63 -10.45 11.84 -2.94  8.97 -3.60 -3.72  3.16 -2.60 -7.92 
INFO: cmn.c(133): CMN: 49.02 12.67 -1.89 -9.46 -16.06  8.89 -7.02 10.67 -1.98 -0.18  5.02 -2.45 -8.84 
INFO: cmn.c(133): CMN: 46.54 13.41  0.66 -8.49 -10.58 14.61  1.95 11.02 -1.37 -5.43  6.71 -1.68 -8.46 
INFO: cmn.c(133): CMN: 57.10  6.92 10.80  6.13 -11.64  4.35 -13.48  7.25 -2.01  0.95  6.17 -3.94  2.06 
INFO: cmn.c(133): CMN: 52.72  7.20  4.85  6.99 -3.31 16.82 -17.06 13.49 -13.16 -1.17 -0.70 -7.70 -2.06 
INFO: cmn.c(133): CMN: 53.63  6.66  7.24 10.12 -6.28 19.31 -17.42 13.49 -15.34 -0.84 -1.68 -8.75 -4.98 
INFO: cmn.c(133): CMN: 62.86 13.85  5.45  9.99  3.75  6.97 -10.44  7.60 -7.15 -2.46  3.58 -5.78  4.57 
INFO: cmn.c(133): CMN: 62.51 12.72  1.31 11.64  4.62 11.17 -14.00  3.46 -5.87 -0.23  5.02 -5.78 -1.96 
INFO: cmn.c(133): CMN: 60.65 13.58  3.03 12.32  3.11 11.21 -12.71  2.82 -10.28 -0.30  2.87 -4.66 -0.86 
INFO: cmn.c(133): CMN: 51.91  6.41 -5.47  6.07 -1.52  6.09 -3.46  5.83  2.09  0.68 -0.55 -3.18 -3.23 
INFO: cmn.c(133): CMN: 62.35 12.69  1.70 12.39  2.55 13.29 -13.76  5.57 -3.23 -8.93  4.85 -10.72 -2.27 
INFO: cmn.c(133): CMN: 58.65  4.18  2.86 10.93 -13.46 -1.35 -1.59  8.06 -5.55 15.31 -5.55  2.64 -2.13 
INFO: cmn.c(133): CMN: 44.42  0.29 -2.36  6.74 -13.05 13.94 -0.47  1.55  1.49 -2.26 -4.46 -2.93 -10.25 
INFO: cmn.c(133): CMN: 52.01  4.29 -0.49  5.76 -15.42 20.27  0.81  7.09 -3.34 -2.43 -6.92 -7.94 -8.59 
INFO: cmn.c(133): CMN: 44.39  1.65 -0.79  8.44 -11.43 19.34  1.09  2.74 -2.91 -4.27 -6.96 -10.86 -5.05 
INFO: cmn.c(133): CMN: 49.42  3.72 -7.88 10.25 -15.90 16.11 -3.00  7.00 -5.51 -0.22 -1.59 -11.47 -3.61 
INFO: cmn.c(133): CMN: 56.36  6.13 13.12 12.17 -19.37  2.15 -11.28 10.30 -10.22  8.51 -0.15 -4.73 -0.39 
INFO: cmn.c(133): CMN: 49.24  7.91  9.40  6.10 -4.90  4.52 -7.68  7.04 -8.07  0.10 -5.49 -1.62 -6.47 
INFO: cmn.c(133): CMN: 41.47  4.74  6.43  5.21 -5.57  9.71  2.91  5.32 -6.35  2.64 -3.01 -4.20  1.08 
INFO: cmn.c(133): CMN: 46.23  7.94  7.97  9.13 -7.61  4.63 -2.72  6.39 -9.98 -1.32 -3.72 -3.99 -0.67 
INFO: cmn.c(133): CMN: 43.48  4.00  3.53  7.68 -1.59  0.86 -1.07  3.80 -3.44 -2.98 -4.49  0.85 -2.88 
INFO: cmn.c(133): CMN: 53.65  9.53 -3.34 -1.01 -13.90 -5.24 -5.04  6.38 -4.49  3.78 -0.20  1.53 -1.03 
INFO: cmn.c(133): CMN: 50.37 -1.70 -2.69 -10.72 -10.15 -6.13 -6.56  8.83  6.82  6.30  8.31 -3.49 -8.08 
INFO: cmn.c(133): CMN: 50.88 -1.18 -7.75 -5.02 -5.94  1.53 -5.50  7.93  1.67  4.88  4.53  0.87 -4.80 
INFO: cmn.c(133): CMN: 51.63 -1.35 -0.56 -7.36 -12.64 -2.53 -12.74  9.79  1.65  5.61  6.42  0.59 -4.18 
INFO: cmn.c(133): CMN: 52.53 -8.60  0.02 -10.81 -4.08 -0.32 -3.33  5.65 -0.50  3.71  3.04  3.13 -5.90 
INFO: cmn.c(133): CMN: 61.03  2.93 -4.62  2.02 -18.63 -6.26 -5.44  9.36 -11.91  9.93 -1.78  4.26  0.28 
INFO: cmn.c(133): CMN: 46.42 -4.03 -9.74 -0.06 -9.09  4.23 -2.95  3.79  0.13  4.64 -3.97  2.78 -2.09 
INFO: cmn.c(133): CMN: 53.20  0.34 -10.04  2.08 -7.29  6.72 -3.58  6.51 -4.36  4.08 -4.12  4.04 -3.33 
INFO: cmn.c(133): CMN: 47.51 -1.05 -6.51  3.65 -3.89  8.07 -2.14  5.07 -3.13  1.48 -2.40  1.41 -3.84 
INFO: cmn.c(133): CMN: 54.14  3.45 -10.37  1.58 -9.61  6.42 -8.07 10.50 -5.61 -0.05 -1.72  1.83 -9.10 
INFO: cmn.c(133): CMN: 52.82  8.45  3.33 12.98 -7.68 -8.39 -11.37  4.56 -1.88 -2.65 -0.53 -0.76  0.97 
INFO: cmn.c(133): CMN: 37.53  6.66  1.46  6.86 -2.86  1.03  1.85  2.64 -4.52 -0.80 -1.55 -5.18 -5.82 
[100] INFO: cmn.c(133): CMN: 41.40  8.46  5.08  6.36 -0.37  1.74  3.71  3.90 -3.29 -3.25  1.39 -6.93 -5.44 
INFO: cmn.c(133): CMN: 41.76  8.81  2.12 10.64 -1.39 -1.54 -1.63  6.55 -10.17 -2.43  1.15 -0.38 -5.20 
INFO: cmn.c(133): CMN: 38.86 10.16  2.76  8.59 -0.07 -4.07  0.42  1.44 -6.76 -0.48 -1.16  0.57 -8.53 
INFO: s3gau_io.c(485): Wrote /Users/thinhnguyen/Desktop/Master/SpeechProcessing/TrainingData/tuvung/bwaccumdir/tuvung_buff_1/gauden_counts with vars (2pass) [1x1x1 vector arrays]
Tue Apr 16 21:36:53 2019
