Current configuration:
[NAME]		[DEFLT]	[VALUE]
-example	no	no
-help		no	no
-mixwfn			/Users/thinhnguyen/Desktop/Master/SpeechProcessing/TrainingData/tuvung/model_parameters/tuvung.ci_cont_flatinitial/mixture_weights
-moddeffn		/Users/thinhnguyen/Desktop/Master/SpeechProcessing/TrainingData/tuvung/model_architecture/tuvung.ci.mdef
-ndensity	256	1
-nstream	4	1
-tmatfn			/Users/thinhnguyen/Desktop/Master/SpeechProcessing/TrainingData/tuvung/model_parameters/tuvung.ci_cont_flatinitial/transition_matrices
-topo			/Users/thinhnguyen/Desktop/Master/SpeechProcessing/TrainingData/tuvung/model_architecture/tuvung.topology

INFO: model_def_io.c(573): Model definition info:
INFO: model_def_io.c(574): 34 total models defined (34 base, 0 tri)
INFO: model_def_io.c(575): 136 total states
INFO: model_def_io.c(576): 102 total tied states
INFO: model_def_io.c(577): 102 total tied CI states
INFO: model_def_io.c(578): 34 total tied transition matrices
INFO: model_def_io.c(579): 4 max state/model
INFO: model_def_io.c(580): 4 min state/model
INFO: s3tmat_io.c(176): Wrote /Users/thinhnguyen/Desktop/Master/SpeechProcessing/TrainingData/tuvung/model_parameters/tuvung.ci_cont_flatinitial/transition_matrices [34x3x4 array]
INFO: s3mixw_io.c(233): Wrote /Users/thinhnguyen/Desktop/Master/SpeechProcessing/TrainingData/tuvung/model_parameters/tuvung.ci_cont_flatinitial/mixture_weights [102x1x1 array]
main.c(83): Reading model definition file /Users/thinhnguyen/Desktop/Master/SpeechProcessing/TrainingData/tuvung/model_architecture/tuvung.ci.mdef
main.c(90): 34 models defined
Tue Apr 16 21:36:53 2019
