        INFO: main.c(229): Compiled on Mar 12 2019 at 22:55:15
Current configuration:
[NAME]		[DEFLT]		[VALUE]
-2passvar	no		yes
-abeam		1e-100		1.000000e-90
-accumdir			/Users/thinhnguyen/Desktop/Master/SpeechProcessing/TrainingData/tuvung/bwaccumdir/tuvung_buff_1
-agc		none		none
-agcthresh	2.0		2.000000e+00
-bbeam		1e-100		1.000000e-10
-cb2mllrfn	.1cls.		.1cls.
-cepdir				/Users/thinhnguyen/Desktop/Master/SpeechProcessing/TrainingData/tuvung/feat
-cepext		mfc		mfc
-ceplen		13		13
-ckptintv			0
-cmn		live		batch
-cmninit	40,3,-1		40,3,-1
-ctlfn				/Users/thinhnguyen/Desktop/Master/SpeechProcessing/TrainingData/tuvung/etc/tuvung_train.fileids
-diagfull	no		no
-dictfn				/Users/thinhnguyen/Desktop/Master/SpeechProcessing/TrainingData/tuvung/etc/tuvung.dic
-example	no		no
-fdictfn			/Users/thinhnguyen/Desktop/Master/SpeechProcessing/TrainingData/tuvung/etc/tuvung.filler
-feat		1s_c_d_dd	1s_c_d_dd
-fullvar	no		no
-help		no		no
-hmmdir				
-latdir				
-latext				
-lda				
-ldadim		0		0
-lsnfn				/Users/thinhnguyen/Desktop/Master/SpeechProcessing/TrainingData/tuvung/etc/tuvung_train.transcription
-lw		11.5		1.150000e+01
-maxuttlen	0		0
-meanfn				/Users/thinhnguyen/Desktop/Master/SpeechProcessing/TrainingData/tuvung/model_parameters/tuvung.ci_cont/means
-meanreest	yes		yes
-mixwfn				/Users/thinhnguyen/Desktop/Master/SpeechProcessing/TrainingData/tuvung/model_parameters/tuvung.ci_cont/mixture_weights
-mixwreest	yes		yes
-mllrmat			
-mmie		no		no
-mmie_type	rand		rand
-moddeffn			/Users/thinhnguyen/Desktop/Master/SpeechProcessing/TrainingData/tuvung/model_architecture/tuvung.ci.mdef
-mwfloor	0.00001		1.000000e-08
-npart				1
-nskip				0
-outphsegdir			
-outputfullpath	no		no
-part				1
-pdumpdir			
-phsegdir			
-phsegext	phseg		phseg
-runlen		-1		-1
-sentdir			
-sentext	sent		sent
-spthresh	0.0		0.000000e+00
-svspec				
-timing		yes		no
-tmatfn				/Users/thinhnguyen/Desktop/Master/SpeechProcessing/TrainingData/tuvung/model_parameters/tuvung.ci_cont/transition_matrices
-tmatreest	yes		yes
-topn		4		1
-tpfloor	0.0001		1.000000e-04
-ts2cbfn			.cont.
-varfloor	0.00001		1.000000e-04
-varfn				/Users/thinhnguyen/Desktop/Master/SpeechProcessing/TrainingData/tuvung/model_parameters/tuvung.ci_cont/variances
-varnorm	no		no
-varreest	yes		yes
-viterbi	no		no

INFO: feat.c(715): Initializing feature stream to type: '1s_c_d_dd', ceplen=13, CMN='batch', VARNORM='no', AGC='none'
INFO: main.c(318): Reading /Users/thinhnguyen/Desktop/Master/SpeechProcessing/TrainingData/tuvung/model_architecture/tuvung.ci.mdef
INFO: model_def_io.c(573): Model definition info:
INFO: model_def_io.c(574): 34 total models defined (34 base, 0 tri)
INFO: model_def_io.c(575): 136 total states
INFO: model_def_io.c(576): 102 total tied states
INFO: model_def_io.c(577): 102 total tied CI states
INFO: model_def_io.c(578): 34 total tied transition matrices
INFO: model_def_io.c(579): 4 max state/model
INFO: model_def_io.c(580): 4 min state/model
INFO: s3mixw_io.c(117): Read /Users/thinhnguyen/Desktop/Master/SpeechProcessing/TrainingData/tuvung/model_parameters/tuvung.ci_cont/mixture_weights [102x1x1 array]
INFO: mod_inv.c(408): Failed to norm for 3 mixw: 51 52 53
INFO: s3tmat_io.c(118): Read /Users/thinhnguyen/Desktop/Master/SpeechProcessing/TrainingData/tuvung/model_parameters/tuvung.ci_cont/transition_matrices [34x3x4 array]
INFO: mod_inv.c(301): inserting tprob floor 1.000000e-04 and renormalizing
INFO: s3gau_io.c(169): Read /Users/thinhnguyen/Desktop/Master/SpeechProcessing/TrainingData/tuvung/model_parameters/tuvung.ci_cont/means [102x1x1 array]
INFO: s3gau_io.c(169): Read /Users/thinhnguyen/Desktop/Master/SpeechProcessing/TrainingData/tuvung/model_parameters/tuvung.ci_cont/variances [102x1x1 array]
INFO: gauden.c(176): 102 total mgau
INFO: gauden.c(150): 1 feature streams (|0|=39 )
INFO: gauden.c(187): 1 total densities
INFO: gauden.c(90): min_var=1.000000e-04
INFO: gauden.c(165): compute 1 densities/frame
INFO: main.c(431): Will reestimate mixing weights.
INFO: main.c(433): Will reestimate means.
INFO: main.c(435): Will reestimate variances.
INFO: main.c(443): Will reestimate transition matrices
INFO: main.c(456): Reading main dictionary: /Users/thinhnguyen/Desktop/Master/SpeechProcessing/TrainingData/tuvung/etc/tuvung.dic
INFO: lexicon.c(221): 21 entries added from /Users/thinhnguyen/Desktop/Master/SpeechProcessing/TrainingData/tuvung/etc/tuvung.dic
INFO: main.c(466): Reading filler dictionary: /Users/thinhnguyen/Desktop/Master/SpeechProcessing/TrainingData/tuvung/etc/tuvung.filler
INFO: lexicon.c(221): 3 entries added from /Users/thinhnguyen/Desktop/Master/SpeechProcessing/TrainingData/tuvung/etc/tuvung.filler
INFO: corpus.c(1062): Will process all remaining utts starting at 0
INFO: main.c(665): Reestimation: Baum-Welch
INFO: cmn.c(133): CMN: 58.35  5.92  2.52  2.27 -16.38 -3.33  1.17 13.47 -6.68  6.23 -0.90  1.10  1.98 
column defns
	<seq>
	<id>
	<n_frame_in>
	<n_frame_del>
	<n_state_shmm>
	<avg_states_alpha>
	<avg_states_beta>
	<avg_states_reest>
	<avg_posterior_prune>
	<frame_log_lik>
	<utt_log_lik>
	... timing info ... 
utt>     0                        ba   48    0INFO: cvt2triphone.c(199): no multiphones defined, no conversion done
    16 6  2 3 1.549878e-13 -1.443093e+02 -6.926846e+03
INFO: cmn.c(133): CMN: 47.32 12.06 -6.36 -8.08 -14.30 -4.99 10.10 10.78 -3.30  8.07 -16.96  4.20  8.81 
utt>     1                 ba_211523   49    0    16 7  1 3 3.336911e-12 -1.398264e+02 -6.851493e+03
INFO: cmn.c(133): CMN: 43.39 15.42 -8.84 -0.65 -3.46 -2.08  5.48  4.99  0.00  3.77 -0.77  1.67  0.82 
utt>     2                 ba_211527  109    0    16 9  1 3 1.089625e-12 -1.413608e+02 -1.540832e+04
INFO: cmn.c(133): CMN: 47.94 13.49 -5.37 -4.83 -12.00 -2.45  3.92 13.47 -6.38  4.57 -8.09  1.47  8.91 
utt>     3                 ba_211531  117    0    16 7  1 2 3.881804e-12 -1.351554e+02 -1.581318e+04
INFO: cmn.c(133): CMN: 42.97 14.64 -10.26 -6.82 -11.38 -0.88  3.43  7.47 -2.03  5.19 -4.63  2.61  6.85 
utt>     4                 ba_211536   70    0    16 6  1 3 2.141877e-12 -1.438516e+02 -1.006961e+04
INFO: cmn.c(133): CMN: 58.74  8.08 11.72  1.08 -17.24  1.28 -14.94  9.73 -6.25 -1.85  2.21  1.56  2.73 
utt>     5                      bary   42    0    16 6  1 3 7.949786e-13 -1.465165e+02 -6.153695e+03
INFO: cmn.c(133): CMN: 44.52 17.48 -1.19  4.07 -3.39 -5.25 -8.20  1.62  2.90  1.87  3.75  0.69 -4.27 
utt>     6               bary_211612   62    0    16 7  2 3 9.089889e-13 -1.435693e+02 -8.901297e+03
INFO: cmn.c(133): CMN: 43.08 14.31 -6.25 -1.39 -8.70 -5.84 -10.69  0.05  1.22  3.71  4.36  3.12 -4.77 
utt>     7               bary_211615   92    0    16 6  1 3 2.311517e-12 -1.404705e+02 -1.292329e+04
INFO: cmn.c(133): CMN: 46.60 14.41 -11.15  0.89 -7.45 -4.26  0.28  3.88 -1.36  0.44  5.61  1.98 -1.96 
utt>     8               bary_211619   39    0    16 6  2 3 4.290219e-12 -1.415049e+02 -5.518692e+03
INFO: cmn.c(133): CMN: 43.09 12.11 -11.92 -1.90 -1.93  2.69  0.48 -1.63  1.06  4.71 -5.44 -1.52  2.60 
utt>     9               bary_211622   89    0    16 9  1 3 1.923531e-12 -1.417091e+02 -1.261211e+04
INFO: cmn.c(133): CMN: 51.68 17.10  7.21  2.97 -9.66 -1.06 -4.96  3.13 -4.85 -5.15 -0.33 -0.33  2.58 
utt>    10                     boosn   69    0    16 8  2 3 1.643298e-12 -1.413390e+02 -9.752392e+03
INFO: cmn.c(133): CMN: 43.64 20.74 -0.38  2.79 -1.10 10.27 -0.33 -2.08 -9.36 -4.10 -2.46  0.26  0.55 
utt>    11              boosn_211636   49    0    16 6  1 3 2.824038e-12 -1.420779e+02 -6.961817e+03
INFO: cmn.c(133): CMN: 44.49 23.67  0.81 -0.42 -8.43  3.08  2.03 -1.22 -8.31 -8.63 -6.76 -1.43 -1.26 
utt>    12              boosn_211639   69    0    16 7  1 3 4.584611e-13 -1.386781e+02 -9.568788e+03
INFO: cmn.c(133): CMN: 43.64 16.42 -5.27  3.10 -7.40  3.46 -3.04 -0.19  0.65  1.85  3.17  0.57 -2.11 
utt>    13              boosn_211643   65    0    16 6  2 3 2.363796e-12 -1.429210e+02 -9.289863e+03
INFO: cmn.c(133): CMN: 45.05 20.64 -4.09 -0.94 -12.24 -0.18 -0.42 -0.72 -8.26 -0.16  2.62  5.79  0.85 
utt>    14              boosn_211647   45    0    16 7  2 4 2.809495e-12 -1.410777e+02 -6.348496e+03
INFO: cmn.c(133): CMN: 52.00  4.46 21.13 10.60 -8.28  1.90 -11.08  5.72 -2.36 -3.30 -2.79  0.23 -2.58 
utt>    15                      chia   61    0    16 7  2 3 3.863224e-12 -1.407161e+02 -8.583684e+03
INFO: cmn.c(133): CMN: 44.92  2.32  8.20  9.06 -2.73  8.71  2.04  3.44  3.97  2.94  0.93  1.21 -1.08 
utt>    16               chia_211751   59    0    16 11  1 3 1.706756e-12 -1.440323e+02 -8.497906e+03
INFO: cmn.c(133): CMN: 46.18  2.18  8.89 11.47 -3.24  8.65  1.01  8.47 -2.69  3.12 -2.06  0.37 -2.87 
utt>    17               chia_211755   54    0    16 8  2 3 1.101064e-12 -1.448015e+02 -7.819280e+03
INFO: cmn.c(133): CMN: 41.17  5.91  5.45  7.79 -7.32  2.81 -1.43  1.61  0.47  0.86  2.13  0.38 -1.67 
utt>    18               chia_211759  109    0    16 10  1 3 2.315794e-12 -1.413054e+02 -1.540229e+04
INFO: cmn.c(133): CMN: 44.75  9.10  5.24  6.15 -7.49  2.12 -7.84  3.05  0.38  1.39  3.21  1.73 -0.07 
utt>    19               chia_211803   61    0    16 8  1 3 1.184332e-12 -1.456195e+02 -8.882792e+03
INFO: cmn.c(133): CMN: 48.84  4.19 14.17  6.29 -7.55  0.34 -10.07  2.26 -2.37  0.99  1.17  0.84  2.42 
utt>    20                     chisn   79    0    16 10  2 3 1.727858e-12 -1.416026e+02 -1.118661e+04
INFO: cmn.c(133): CMN: 41.41 -0.60  7.79  3.49  0.97  9.63 -0.99 10.85  1.65  7.40  4.25 -0.22  2.40 
utt>    21              chisn_211813   55    0    16 10  2 4 2.944613e-12 -1.444270e+02 -7.943485e+03
INFO: cmn.c(133): CMN: 39.59  7.05  9.93  8.32 -2.06 10.71 -6.06  5.44 -3.09 -2.69 -1.06 -2.82  3.98 
utt>    22              chisn_211828   80    0    16 8  2 3 3.288982e-12 -1.416894e+02 -1.133515e+04
INFO: cmn.c(133): CMN: 42.16  7.24 -3.66  6.69  1.77  4.58  2.14  1.30  4.99  0.09  3.41  0.21 -1.79 
utt>    23              chisn_211837   69    0    16 12  2 4 2.439346e-12 -1.400805e+02 -9.665555e+03
INFO: cmn.c(133): CMN: 39.88 10.49  2.96  5.81  3.60  4.29  2.58  2.87  3.72  1.63  1.76  1.54  1.61 
utt>    24              chisn_211840   47    0    16 10  2 4 3.209135e-12 -1.393658e+02 -6.550194e+03
INFO: cmn.c(133): CMN: 39.89  9.71 -1.86  2.39 -0.94  2.50 -1.66  1.78  3.29  0.76  2.25 -2.86  1.21 
utt>    25              chisn_211843   79    0    16 11  2 3 1.751557e-12 -1.412677e+02 -1.116015e+04
INFO: cmn.c(133): CMN: 38.64  6.25 -8.69  3.02 -1.10  3.07 -0.11  1.88  2.86  4.40  2.32  1.13 -1.94 
utt>    26              chisn_211846   97    0    16 9  2 3 1.770717e-12 -1.385024e+02 -1.343473e+04
INFO: cmn.c(133): CMN: 41.19 11.48 -4.11  9.21 -1.58  2.66 -1.17  0.74 -2.08  1.30  2.70  2.50  0.84 
utt>    27              chisn_211849   55    0    16 8  2 4 2.608948e-12 -1.387480e+02 -7.631139e+03
INFO: cmn.c(133): CMN: 59.24  9.67 -5.99 -3.54 -12.43 -5.13 -10.29  8.67  2.29  3.13  0.24  5.83  1.49 
utt>    28                      chos   41    0    16 6  1 3 2.788905e-12 -1.429031e+02 -5.859026e+03
INFO: cmn.c(133): CMN: 41.18 12.24 -12.83 -6.20 -6.70 -0.82  1.23  0.05 -0.95  7.99 -4.42 -2.62  2.76 
utt>    29               chos_211859   89    0    16 8  2 3 2.207367e-12 -1.413258e+02 -1.257800e+04
INFO: cmn.c(133): CMN: 43.25 19.18 -10.58 -4.68 -1.53  3.76 -1.13 -0.36  1.96  3.43 -1.00 -1.79  0.11 
utt>    30               chos_211903   77    0    16 6  2 3 1.186445e-12 -1.402501e+02 -1.079926e+04
INFO: cmn.c(133): CMN: 40.29 13.21 -12.86 -3.72 -6.05 -0.71 -0.49  3.62  5.81  3.00  1.75  0.20 -3.59 
utt>    31               chos_211907   73    0    16 6  2 4 2.877883e-12 -1.389783e+02 -1.014541e+04
INFO: cmn.c(133): CMN: 42.80 12.20 -12.78 -2.08 -3.89  1.99 -1.49 -0.44  2.93  3.54 -2.59 -2.11  0.39 
utt>    32               chos_211911   99    0    16 10  2 3 2.385186e-12 -1.380147e+02 -1.366345e+04
INFO: cmn.c(133): CMN: 49.22 13.01  2.79  1.87 -8.35 -1.86 -9.14 -2.58  1.70  0.60  0.73 -0.84  0.56 
utt>    33                   chuoojt   79    0    16 10  2 3 1.423621e-12 -1.419873e+02 -1.121700e+04
INFO: cmn.c(133): CMN: 44.72 19.41 -3.85 -0.31 -13.49 -7.79 -10.74 -4.83  3.69 10.40  9.13  7.94 -0.29 
utt>    34            chuoojt_211922   69    0    16 8  2 3 2.441550e-12 -1.421484e+02 -9.808241e+03
INFO: cmn.c(133): CMN: 41.76 18.40  0.42  4.01 -3.86  4.97 -0.33 -0.30 -0.99 -2.21 -0.48  0.48  0.73 
utt>    35            chuoojt_211926   56    0    16 7  2 4 1.835899e-12 -1.412006e+02 -7.907235e+03
INFO: cmn.c(133): CMN: 39.42 13.24 -5.46  1.38 -4.71 -0.03 -5.65 -1.51  2.25  1.06  4.53  1.33 -2.52 
utt>    36            chuoojt_211932   99    0    16 9  2 3 1.566609e-12 -1.410528e+02 -1.396423e+04
INFO: cmn.c(133): CMN: 43.67 18.29 -1.68  5.33 -3.73  3.54 -0.64 -2.69 -3.57 -4.20 -2.06 -0.85 -0.69 
utt>    37            chuoojt_211937   42    0    16 8  2 4 3.758556e-12 -1.448988e+02 -6.085749e+03
INFO: cmn.c(133): CMN: 49.32 11.41 -4.61  1.48 -12.20 -8.64 -11.52  4.39  1.59  4.15 -0.85  1.23 -1.55 
utt>    38                    coojng   89    0    16 10  1 3 3.889073e-12 -1.415168e+02 -1.259499e+04
INFO: cmn.c(133): CMN: 44.94 17.65 -16.25 -7.79 -9.10 -4.74 -7.31  6.53 10.82  2.42  0.35 -1.08  0.65 
utt>    39             coojng_211945   58    0    16 8  1 3 1.488363e-12 -1.411870e+02 -8.188846e+03
INFO: cmn.c(133): CMN: 45.04 18.48 -11.21 -6.84 -8.75 -2.20 -3.40  0.97  1.15  1.99  6.41 -1.28 -0.53 
utt>    40             coojng_211954   60    0    16 7  2 4 4.003198e-12 -1.410083e+02 -8.460500e+03
INFO: cmn.c(133): CMN: 39.81 13.50 -9.80 -1.91 -6.14  0.96 -2.66  0.99  0.58 -0.51 -2.08 -1.41 -0.63 
utt>    41             coojng_211958   71    0    16 6  2 4 2.726256e-12 -1.383585e+02 -9.823454e+03
INFO: cmn.c(133): CMN: 39.48 10.56 -9.52 -1.80 -7.87 -2.39 -5.78  0.67  0.76  2.55  0.48 -0.32  1.02 
utt>    42             coojng_212003  107    0    16 9  2 3 9.205233e-13 -1.385703e+02 -1.482702e+04
INFO: cmn.c(133): CMN: 58.66  2.76 12.58  2.99 -30.59  2.17 -8.24 12.67 -7.07  7.95 -1.52  5.90 -0.35 
utt>    43                       gaf   56    0    16 4  1 2 3.747864e-12 -1.307594e+02 -7.322528e+03
INFO: cmn.c(133): CMN: 61.11  0.42  7.11  2.62 -19.71 -5.55  2.77  7.67 -2.18  8.95 -7.09  6.53 -1.97 
utt>    44                       hai   59    0    16 8  1 3 1.035643e-12 -1.414692e+02 -8.346682e+03
INFO: cmn.c(133): CMN: 40.59  2.04  0.23 -0.25 -14.42 -2.43  5.19 -0.07  4.90  7.68 -2.35  2.68 -6.19 
utt>    45                hai_212408   69    0    16 9  2 4 4.304068e-12 -1.418810e+02 -9.789787e+03
INFO: cmn.c(133): CMN: 47.20  5.75  1.71 -5.45 -15.82 -6.51  3.10 10.22  5.68 11.00 -3.20  5.76 -10.07 
utt>    46                hai_212411   59    0    16 11  2 3 2.966282e-12 -1.383156e+02 -8.160623e+03
INFO: cmn.c(133): CMN: 45.52  4.23  2.57 -2.65 -17.47 -2.32  2.51 11.52  8.85  9.62 -1.51  7.73 -5.78 
utt>    47                hai_212415   51    0    16 9  2 4 2.375793e-12 -1.396229e+02 -7.120769e+03
INFO: cmn.c(133): CMN: 38.42  1.98  2.49 -1.83 -9.57 -1.37  0.45  4.34  1.43  4.20 -4.51  3.03 -7.00 
utt>    48                hai_212424   89    0    16 12  2 3 2.946175e-12 -1.400261e+02 -1.246232e+04
INFO: cmn.c(133): CMN: 50.60  8.46  6.72 -4.75 -16.77 -3.31 -5.89  5.43 -4.60  2.37 -2.58  0.55 -2.53 
utt>    49                       heo   79    0    16 9  2 4 1.054936e-12 -1.416395e+02 -1.118952e+04
INFO: cmn.c(133): CMN: 41.73  6.52  3.39  0.98 -5.48  1.25 -1.36  6.55  1.81  2.48  1.02  2.39 -5.68 
utt>    50                heo_212429   89    0    16 11  1 3 1.984070e-12 -1.423112e+02 -1.266570e+04
INFO: cmn.c(133): CMN: 47.97  9.80  4.44 -4.73 -11.35 -2.86 -4.28 13.59 -3.37  3.82  1.73  4.23 -9.52 
utt>    51                heo_212433   49    0    16 7  2 3 1.558088e-12 -1.405515e+02 -6.887024e+03
INFO: cmn.c(133): CMN: 45.73  6.25  7.88 -6.91 -12.49 -8.91 -6.05 10.39 -6.96 12.82  3.00 -0.25 -6.67 
utt>    52                heo_212441   49    0    16 7  2 4 2.597670e-12 -1.410129e+02 -6.909632e+03
INFO: cmn.c(133): CMN: 44.03  7.72 -3.24 -9.32 -7.80 -3.04 -1.28  5.42 -2.96 10.79  0.75  0.90 -1.33 
utt>    53                heo_212445   62    0    16 7  2 3 4.357028e-12 -1.417243e+02 -8.786905e+03
INFO: cmn.c(133): CMN: 57.53 15.10 -8.39 -4.22 -7.28 -3.69 -23.82  3.97  1.28 13.32 -1.72  5.58  3.96 
utt>    54                    khoong   39    0    16 6  2 3 3.534665e-12 -1.439973e+02 -5.615896e+03
INFO: cmn.c(133): CMN: 43.10 14.53 -4.09  2.50 -0.68 -4.36 -6.80  2.94 -3.27 -4.87  3.19  4.20 -4.24 
utt>    55             khoong_212645   39    0    16 7  1 3 4.513356e-12 -1.410176e+02 -5.499686e+03
INFO: cmn.c(133): CMN: 40.40 12.03 -3.00  1.54 -0.10  0.12 -0.63  8.01  1.04  2.82 -1.29  1.33 -2.42 
utt>    56             khoong_212648   59    0    16 6  2 3 2.066923e-12 -1.414153e+02 -8.343501e+03
INFO: cmn.c(133): CMN: 40.83 11.44  0.37  2.60 -0.46 -0.63  0.34  8.00 -0.75 -1.98 -2.09  2.31 -5.91 
utt>    57             khoong_212651   69    0    16 8  2 3 5.949512e-13 -1.366188e+02 -9.426700e+03
INFO: cmn.c(133): CMN: 38.80  9.21 -7.82 -7.35 -4.30  2.85  1.11 -0.66  0.14  4.83 -0.13  0.93  0.39 
utt>    58             khoong_212656   69    0    16 9  2 3 4.672079e-12 -1.391064e+02 -9.598344e+03
INFO: cmn.c(133): CMN: 59.07 11.65  8.36 -2.13 -27.37  8.22 -11.04 18.63 -7.44 12.78 -0.22 -0.51 -1.38 
utt>    59                      mefo   47    0    16 8  1 3 2.665497e-12 -1.447409e+02 -6.802820e+03
INFO: cmn.c(133): CMN: 51.97 -1.79  9.16 -0.94 -11.77  8.45  1.77 11.29  0.48 -2.45 -0.44 -5.12 -7.40 
utt>    60               mefo_212836   59    0    16 7  1 3 4.953110e-12 -1.486686e+02 -8.771446e+03
INFO: cmn.c(133): CMN: 51.66  6.32  5.88 -6.50 -8.86 11.83 -0.43  6.50  3.04 -1.44  1.24 -3.83 -13.96 
utt>    61               mefo_212839   59    0    16 8  1 3 1.725031e-12 -1.460494e+02 -8.616918e+03
INFO: cmn.c(133): CMN: 42.47 -2.19 -1.54 -0.57 -7.40  3.24 -4.71 11.61 -0.12 -3.68  3.83 -0.94 -7.13 
utt>    62               mefo_212846   88    0    16 13  2 3 3.515780e-12 -1.438434e+02 -1.265822e+04
INFO: cmn.c(133): CMN: 58.12  8.48 -0.27 -3.47 -12.93 13.27 -1.92  7.84 -1.75 -1.23  3.93 -4.42 -13.06 
utt>    63               mefo_212852   39    0    16 10  1 3 8.011061e-13 -1.471305e+02 -5.738091e+03
INFO: cmn.c(133): CMN: 56.80 14.26  4.28 -7.68 -18.50  6.12 -7.44 13.40 -7.94 15.19  2.29  3.71 -0.50 
utt>    64                     moojt   41    0    16 7  1 3 3.635496e-12 -1.405387e+02 -5.762085e+03
INFO: cmn.c(133): CMN: 52.46 13.15  7.02 -10.32 -18.75 23.94 -4.92 18.44 -12.62  4.47  1.81 -1.76 -9.56 
utt>    65              moojt_212857   39    0    16 6  1 2 2.547124e-13 -1.417062e+02 -5.526543e+03
INFO: cmn.c(133): CMN: 46.72 11.83  2.32 -5.63 -10.45 11.84 -2.94  8.97 -3.60 -3.72  3.16 -2.60 -7.92 
utt>    66              moojt_212903   59    0    16 7  2 3 2.337168e-12 -1.388725e+02 -8.193475e+03
INFO: cmn.c(133): CMN: 49.02 12.67 -1.89 -9.46 -16.06  8.89 -7.02 10.67 -1.98 -0.18  5.02 -2.45 -8.84 
utt>    67              moojt_212907   69    0    16 5  1 2 2.530359e-12 -1.412196e+02 -9.744153e+03
INFO: cmn.c(133): CMN: 46.54 13.41  0.66 -8.49 -10.58 14.61  1.95 11.02 -1.37 -5.43  6.71 -1.68 -8.46 
utt>    68              moojt_212910   53    0    16 7  2 3 2.028669e-12 -1.383643e+02 -7.333308e+03
INFO: cmn.c(133): CMN: 57.10  6.92 10.80  6.13 -11.64  4.35 -13.48  7.25 -2.01  0.95  6.17 -3.94  2.06 
utt>    69                   muwowfi   59    0    16 8  1 3 4.380625e-12 -1.435105e+02 -8.467121e+03
INFO: cmn.c(133): CMN: 52.72  7.20  4.85  6.99 -3.31 16.82 -17.06 13.49 -13.16 -1.17 -0.70 -7.70 -2.06 
utt>    70            muwowfi_212919   49    0    16 6  1 3 1.335681e-12 -1.445795e+02 -7.084395e+03
INFO: cmn.c(133): CMN: 53.63  6.66  7.24 10.12 -6.28 19.31 -17.42 13.49 -15.34 -0.84 -1.68 -8.75 -4.98 
utt>    71            muwowfi_212922   57    0    16 7  1 2 2.538418e-12 -1.456762e+02 -8.303545e+03
INFO: cmn.c(133): CMN: 62.86 13.85  5.45  9.99  3.75  6.97 -10.44  7.60 -7.15 -2.46  3.58 -5.78  4.57 
utt>    72            muwowfi_215636   49    0    16 8  1 3 1.237807e-13 -1.426984e+02 -6.992224e+03
INFO: cmn.c(133): CMN: 62.51 12.72  1.31 11.64  4.62 11.17 -14.00  3.46 -5.87 -0.23  5.02 -5.78 -1.96 
utt>    73            muwowfi_215638   39    0    16 7  1 2 4.582913e-13 -1.408571e+02 -5.493425e+03
INFO: cmn.c(133): CMN: 60.65 13.58  3.03 12.32  3.11 11.21 -12.71  2.82 -10.28 -0.30  2.87 -4.66 -0.86 
utt>    74            muwowfi_215641   41    0    16 7  1 2 4.904586e-13 -1.415950e+02 -5.805395e+03
INFO: cmn.c(133): CMN: 51.91  6.41 -5.47  6.07 -1.52  6.09 -3.46  5.83  2.09  0.68 -0.55 -3.18 -3.23 
utt>    75            muwowfi_215643   79    0    16 13  2 3 1.014040e-12 -1.406078e+02 -1.110801e+04
INFO: cmn.c(133): CMN: 62.35 12.69  1.70 12.39  2.55 13.29 -13.76  5.57 -3.23 -8.93  4.85 -10.72 -2.27 
utt>    76            muwowfi_215646   38    0    16 7  1 2 4.298459e-13 -1.486903e+02 -5.650233e+03
INFO: cmn.c(133): CMN: 58.65  4.18  2.86 10.93 -13.46 -1.35 -1.59  8.06 -5.55 15.31 -5.55  2.64 -2.13 
utt>    77                      nawm   52    0    16 7  2 4 2.545546e-12 -1.441404e+02 -7.495302e+03
INFO: cmn.c(133): CMN: 44.42  0.29 -2.36  6.74 -13.05 13.94 -0.47  1.55  1.49 -2.26 -4.46 -2.93 -10.25 
utt>    78               nawm_213017   79    0    16 11  1 2 2.133536e-12 -1.441650e+02 -1.138904e+04
INFO: cmn.c(133): CMN: 52.01  4.29 -0.49  5.76 -15.42 20.27  0.81  7.09 -3.34 -2.43 -6.92 -7.94 -8.59 
utt>    79               nawm_213021   34    0    16 7  1 3 4.942283e-13 -1.422766e+02 -4.837404e+03
INFO: cmn.c(133): CMN: 44.39  1.65 -0.79  8.44 -11.43 19.34  1.09  2.74 -2.91 -4.27 -6.96 -10.86 -5.05 
utt>    80               nawm_213029   69    0    16 7  1 2 2.952000e-12 -1.428431e+02 -9.856171e+03
INFO: cmn.c(133): CMN: 49.42  3.72 -7.88 10.25 -15.90 16.11 -3.00  7.00 -5.51 -0.22 -1.59 -11.47 -3.61 
utt>    81               nawm_213033   59    0    16 6  1 3 3.564737e-13 -1.394298e+02 -8.226359e+03
INFO: cmn.c(133): CMN: 56.36  6.13 13.12 12.17 -19.37  2.15 -11.28 10.30 -10.22  8.51 -0.15 -4.73 -0.39 
utt>    82                     nhaan   59    0    16 6  2 3 2.179843e-12 -1.406377e+02 -8.297626e+03
INFO: cmn.c(133): CMN: 49.24  7.91  9.40  6.10 -4.90  4.52 -7.68  7.04 -8.07  0.10 -5.49 -1.62 -6.47 
utt>    83              nhaan_213124   49    0    16 5  1 2 3.858471e-12 -1.426179e+02 -6.988279e+03
INFO: cmn.c(133): CMN: 41.47  4.74  6.43  5.21 -5.57  9.71  2.91  5.32 -6.35  2.64 -3.01 -4.20  1.08 
utt>    84              nhaan_213131   79    0    16 5  1 3 1.881132e-12 -1.410187e+02 -1.114048e+04
INFO: cmn.c(133): CMN: 46.23  7.94  7.97  9.13 -7.61  4.63 -2.72  6.39 -9.98 -1.32 -3.72 -3.99 -0.67 
utt>    85              nhaan_213135   69    0    16 6  1 3 2.314776e-12 -1.389134e+02 -9.585025e+03
INFO: cmn.c(133): CMN: 43.48  4.00  3.53  7.68 -1.59  0.86 -1.07  3.80 -3.44 -2.98 -4.49  0.85 -2.88 
utt>    86              nhaan_213138   89    0    16 6  1 2 8.005120e-13 -1.388889e+02 -1.236111e+04
INFO: cmn.c(133): CMN: 53.65  9.53 -3.34 -1.01 -13.90 -5.24 -5.04  6.38 -4.49  3.78 -0.20  1.53 -1.03 
utt>    87                      sasu   69    0    16 10  2 3 5.597296e-12 -1.416522e+02 -9.774001e+03
INFO: cmn.c(133): CMN: 50.37 -1.70 -2.69 -10.72 -10.15 -6.13 -6.56  8.83  6.82  6.30  8.31 -3.49 -8.08 
utt>    88               sasu_213600   59    0    16 8  2 3 2.494780e-12 -1.416810e+02 -8.359177e+03
INFO: cmn.c(133): CMN: 50.88 -1.18 -7.75 -5.02 -5.94  1.53 -5.50  7.93  1.67  4.88  4.53  0.87 -4.80 
utt>    89               sasu_213603   49    0    16 8  2 3 2.055906e-12 -1.426984e+02 -6.992223e+03
INFO: cmn.c(133): CMN: 51.63 -1.35 -0.56 -7.36 -12.64 -2.53 -12.74  9.79  1.65  5.61  6.42  0.59 -4.18 
utt>    90               sasu_213610   59    0    16 9  1 3 1.547973e-12 -1.446108e+02 -8.532039e+03
INFO: cmn.c(133): CMN: 52.53 -8.60  0.02 -10.81 -4.08 -0.32 -3.33  5.65 -0.50  3.71  3.04  3.13 -5.90 
utt>    91               sasu_213613   58    0    16 7  1 2 3.862962e-12 -1.441078e+02 -8.358252e+03
INFO: cmn.c(133): CMN: 61.03  2.93 -4.62  2.02 -18.63 -6.26 -5.44  9.36 -11.91  9.93 -1.78  4.26  0.28 
utt>    92                      tasm   43    0    16 7  2 3 1.896871e-12 -1.429706e+02 -6.147737e+03
INFO: cmn.c(133): CMN: 46.42 -4.03 -9.74 -0.06 -9.09  4.23 -2.95  3.79  0.13  4.64 -3.97  2.78 -2.09 
utt>    93               tasm_213638   54    0    16 6  1 3 1.143330e-12 -1.495156e+02 -8.073842e+03
INFO: cmn.c(133): CMN: 53.20  0.34 -10.04  2.08 -7.29  6.72 -3.58  6.51 -4.36  4.08 -4.12  4.04 -3.33 
utt>    94               tasm_213645   49    0    16 8  1 3 3.077912e-12 -1.415091e+02 -6.933947e+03
INFO: cmn.c(133): CMN: 47.51 -1.05 -6.51  3.65 -3.89  8.07 -2.14  5.07 -3.13  1.48 -2.40  1.41 -3.84 
utt>    95               tasm_213647   69    0    16 10  1 3 2.824962e-12 -1.379776e+02 -9.520457e+03
INFO: cmn.c(133): CMN: 54.14  3.45 -10.37  1.58 -9.61  6.42 -8.07 10.50 -5.61 -0.05 -1.72  1.83 -9.10 
utt>    96               tasm_213657   40    0    16 7  2 3 1.651739e-12 -1.430593e+02 -5.722374e+03
INFO: cmn.c(133): CMN: 52.82  8.45  3.33 12.98 -7.68 -8.39 -11.37  4.56 -1.88 -2.65 -0.53 -0.76  0.97 
utt>    97                     truwf   89    0    16 9  2 3 3.227273e-12 -1.367947e+02 -1.217473e+04
INFO: cmn.c(133): CMN: 37.53  6.66  1.46  6.86 -2.86  1.03  1.85  2.64 -4.52 -0.80 -1.55 -5.18 -5.82 
utt>    98              truwf_213724   99    0    16 9  2 3 2.327984e-12 -1.409039e+02 -1.394949e+04
INFO: cmn.c(133): CMN: 41.40  8.46  5.08  6.36 -0.37  1.74  3.71  3.90 -3.29 -3.25  1.39 -6.93 -5.44 
utt>    99              truwf_213728   56    0    16 6  2 3 2.104523e-12 -1.398151e+02 -7.829647e+03
INFO: cmn.c(133): CMN: 41.76  8.81  2.12 10.64 -1.39 -1.54 -1.63  6.55 -10.17 -2.43  1.15 -0.38 -5.20 
utt>   100              truwf_213736   49    0    16 7  1 3 3.429309e-12 -1.370529e+02 -6.715591e+03
INFO: cmn.c(133): CMN: 38.86 10.16  2.76  8.59 -0.07 -4.07  0.42  1.44 -6.76 -0.48 -1.16  0.57 -8.53 
utt>   101              truwf_213740   69    0    16 7  2 3 2.481926e-12 -1.395631e+02 -9.629855e+03
overall> stats 6527 (-0) -1.412873e+02 -9.221824e+05
WARN: "accum.c", line 642: The following senones never occur in the input data
	51 52 53 
INFO: s3mixw_io.c(233): Wrote /Users/thinhnguyen/Desktop/Master/SpeechProcessing/TrainingData/tuvung/bwaccumdir/tuvung_buff_1/mixw_counts [102x1x1 array]
INFO: s3tmat_io.c(176): Wrote /Users/thinhnguyen/Desktop/Master/SpeechProcessing/TrainingData/tuvung/bwaccumdir/tuvung_buff_1/tmat_counts [34x3x4 array]
INFO: s3gau_io.c(485): Wrote /Users/thinhnguyen/Desktop/Master/SpeechProcessing/TrainingData/tuvung/bwaccumdir/tuvung_buff_1/gauden_counts with means with vars (2pass) [102x1x1 vector arrays]
INFO: main.c(999): Counts saved to /Users/thinhnguyen/Desktop/Master/SpeechProcessing/TrainingData/tuvung/bwaccumdir/tuvung_buff_1
Tue Apr 16 21:36:54 2019
