Current configuration:
[NAME]		[DEFLT]	[VALUE]
-accumdir		/Users/thinhnguyen/Desktop/Master/SpeechProcessing/TrainingData/tuvung/bwaccumdir/tuvung_buff_1,
-constE		3.0	3.000000e+00
-dcountfn		
-example	no	no
-fullvar	no	no
-help		no	no
-inmeanfn		
-inmixwfn		
-invarfn		
-meanfn			/Users/thinhnguyen/Desktop/Master/SpeechProcessing/TrainingData/tuvung/model_parameters/tuvung.ci_cont/means
-mixwfn			/Users/thinhnguyen/Desktop/Master/SpeechProcessing/TrainingData/tuvung/model_parameters/tuvung.ci_cont/mixture_weights
-mmie		no	no
-oaccumdir		
-regmatfn		
-tiedvar	no	no
-tmatfn			/Users/thinhnguyen/Desktop/Master/SpeechProcessing/TrainingData/tuvung/model_parameters/tuvung.ci_cont/transition_matrices
-varfn			/Users/thinhnguyen/Desktop/Master/SpeechProcessing/TrainingData/tuvung/model_parameters/tuvung.ci_cont/variances

INFO: main.c(207): Reading and accumulating counts from /Users/thinhnguyen/Desktop/Master/SpeechProcessing/TrainingData/tuvung/bwaccumdir/tuvung_buff_1
INFO: s3mixw_io.c(117): Read /Users/thinhnguyen/Desktop/Master/SpeechProcessing/TrainingData/tuvung/bwaccumdir/tuvung_buff_1/mixw_counts [102x1x1 array]
INFO: s3tmat_io.c(118): Read /Users/thinhnguyen/Desktop/Master/SpeechProcessing/TrainingData/tuvung/bwaccumdir/tuvung_buff_1/tmat_counts [34x3x4 array]
INFO: s3gau_io.c(386): Read /Users/thinhnguyen/Desktop/Master/SpeechProcessing/TrainingData/tuvung/bwaccumdir/tuvung_buff_1/gauden_counts with means with vars (2pass) [102x1x1 vector arrays]
INFO: main.c(321): -2passvar yes
INFO: main.c(391): Normalizing mean for n_mgau= 102, n_stream= 1, n_density= 1
WARN: "gauden.c", line 1565: (mgau= 51, feat= 0, density= 0) never observed
WARN: "gauden.c", line 1565: (mgau= 52, feat= 0, density= 0) never observed
WARN: "gauden.c", line 1565: (mgau= 53, feat= 0, density= 0) never observed
INFO: main.c(414): Normalizing var
INFO: s3mixw_io.c(233): Wrote /Users/thinhnguyen/Desktop/Master/SpeechProcessing/TrainingData/tuvung/model_parameters/tuvung.ci_cont/mixture_weights [102x1x1 array]
INFO: s3tmat_io.c(176): Wrote /Users/thinhnguyen/Desktop/Master/SpeechProcessing/TrainingData/tuvung/model_parameters/tuvung.ci_cont/transition_matrices [34x3x4 array]
INFO: s3gau_io.c(228): Wrote /Users/thinhnguyen/Desktop/Master/SpeechProcessing/TrainingData/tuvung/model_parameters/tuvung.ci_cont/means [102x1x1 array]
INFO: s3gau_io.c(228): Wrote /Users/thinhnguyen/Desktop/Master/SpeechProcessing/TrainingData/tuvung/model_parameters/tuvung.ci_cont/variances [102x1x1 array]
Tue Apr 16 21:36:53 2019
Current Overall Likelihood Per Frame = -142.589627700322
Convergence ratio = 3.01208824881226
